Dias sinteticos disponiveis: 79
         Day |    RealPnL     SynPnL |      Delta       % |    NR    NS |   BR   BS
----------------------------------------------------------------------------------------------------
2026-01-02 |        +28       +105 |        +77  +275.9% |    21    22 |   81  105
2026-01-05 |         +0       -239 |       -239    +0.0% |     0     8 |    0   97
2026-01-06 |        +68       +276 |       +208  +305.8% |    20    20 |   89  100
2026-01-07 |         +0         +0 |         +0    +0.0% |     0     0 |    0    0
2026-01-08 |         +0       +181 |       +181    +0.0% |     0    16 |    0   81
2026-01-09 |       -293        -89 |       +204   -69.5% |     2    18 |   93  121
2026-01-12 |         +0         +0 |         +0    +0.0% |     0     0 |    0    0
2026-01-13 |       -242       -202 |        +41   -16.8% |     8    11 |   94  117
2026-01-14 |       +372       -205 |       -577  -155.2% |    31    10 |   85  116
2026-01-15 |         +0       -266 |       -266    +0.0% |     0     8 |    0  113
2026-01-16 |         +0         +0 |         +0    +0.0% |     0     0 |    0    0
2026-01-19 |       +117       -130 |       -248  -210.9% |    15    16 |   74  107
2026-01-20 |       -310       +463 |       +773  -249.6% |     2    36 |  117  190
2026-01-21 |       +326       +468 |       +142   +43.4% |    28    35 |  105  155
2026-01-22 |        -84       -123 |        -40   +47.6% |    27    84 |  337  507
2026-01-23 |       -319       -105 |       +215   -67.2% |     3    21 |  294  407
2026-01-26 |       -350       -101 |       +249   -71.1% |     1    45 |  467  643
2026-01-27 |       -239       +328 |       +567  -237.0% |    12    64 |  238  356
2026-01-28 |       -121       -347 |       -226  +187.3% |    22     4 |  365  558
2026-01-29 |       -331       -132 |       +200   -60.3% |     3    24 |  453  699
2026-01-30 |       -318       +689 |     +1,007  -317.0% |     3    80 |  330  485
2026-02-02 |       -413       -317 |        +96   -23.3% |    27     4 |  215  277
2026-02-03 |       +252        +90 |       -162   -64.4% |    48    67 |  229  356
2026-02-04 |       +286       +779 |       +493  +172.6% |    57    63 |  261  312
2026-02-05 |       -234       -314 |        -80   +34.0% |    12    71 |  290  396
2026-02-06 |       -224        +90 |       +314  -140.2% |     9    49 |  223  336
2026-02-09 |       +362       -249 |       -611  -168.7% |    38    11 |  148  215
2026-02-10 |       -321        +61 |       +382  -118.9% |     5    35 |  146  206
2026-02-11 |       +521       +410 |       -110   -21.2% |    53    64 |  217  304
2026-02-12 |       -258       -310 |        -52   +20.2% |    12     6 |  236  365
2026-02-13 |       -246       -225 |        +21    -8.5% |    48    13 |  337  513
2026-02-18 |       -262       -216 |        +46   -17.6% |    14    19 |  169  213
2026-02-19 |       -331       -333 |         -2    +0.5% |     6     6 |  204  268
2026-02-20 |       -281       +191 |       +472  -168.2% |     8    49 |  211  286
2026-02-23 |       -142       +118 |       +260  -183.4% |    21    41 |  172  238
2026-02-24 |       -268       -203 |        +65   -24.4% |    11    15 |  189  248
2026-02-25 |       -222       +430 |       +652  -294.1% |    19    37 |  202  280
2026-02-26 |       -375       -175 |       +199   -53.2% |     1    15 |  177  247
2026-02-27 |        -82       -326 |       -244  +298.2% |    30     6 |  250  348
2026-03-02 |       -368       -107 |       +261   -71.0% |     1    22 |  271  389
2026-03-03 |       +273     +1,260 |       +988  +361.9% |   113   154 |  487  802
2026-03-04 |       -205       +242 |       +446  -218.0% |    18    79 |  303  425
2026-03-05 |       -362       -119 |       +243   -67.2% |     1   109 |  505  645
2026-03-06 |       -329       +403 |       +732  -222.3% |     3   115 |  438  694
2026-03-09 |       -154       +662 |       +816  -530.1% |    17   116 |  372  617
2026-03-10 |       +413       -233 |       -646  -156.5% |    77    12 |  312  449
2026-03-11 |       +251       +419 |       +169   +67.3% |    67    89 |  314  472
2026-03-12 |       -324       -179 |       +145   -44.8% |     5    65 |  330  493
2026-03-13 |       -143       -344 |       -201  +140.9% |    16     3 |  299  404
2026-03-16 |       -297       -111 |       +186   -62.6% |    33    20 |  217  263
2026-03-17 |       -285       +686 |       +970  -340.9% |     5    83 |  279  473
2026-03-18 |       -351       -155 |       +196   -55.9% |     1    73 |  305  493
2026-03-19 |       -146       -274 |       -128   +87.4% |    53     7 |  746  791
2026-03-20 |        +69       -350 |       -419  -608.5% |    65     2 |  347  483
2026-03-23 |       -166     +1,094 |     +1,261  -758.5% |    19   131 |  443  769
2026-03-24 |       -208       +996 |     +1,203  -579.7% |    14   104 |  461  697
2026-03-25 |       -196       -184 |        +12    -6.3% |    15    42 |  326  562
2026-03-26 |       -265       -246 |        +20    -7.4% |     9    10 |  372  541
2026-03-27 |       -329       -125 |       +204   -62.0% |    38    20 |  222  352
2026-03-30 |       -354       -361 |         -8    +2.1% |     1     1 |  217  291
2026-03-31 |       -149       -161 |        -12    +8.2% |    22    17 |  363  574
2026-04-01 |       -315       -125 |       +190   -60.4% |     5    83 |  277  460
2026-04-02 |       -254       +231 |       +485  -191.1% |     9   102 |  325  552
2026-04-06 |       -350       +304 |       +655  -186.8% |     3    68 |  366  360
2026-04-07 |       -282       -318 |        -36   +12.7% |     8     5 |  311  495
2026-04-08 |       +246        +11 |       -235   -95.6% |    62    91 |  285  448
2026-04-09 |       +193       +474 |       +282  +146.1% |    49    52 |  177  236
2026-04-10 |       -377       -385 |         -8    +2.1% |     1     1 |  166  232
2026-04-13 |       -289       -245 |        +44   -15.2% |     9    12 |  121  160
2026-04-14 |       -341       -256 |        +85   -24.8% |     4    12 |  145  197
2026-04-15 |       +275       -376 |       -652  -236.8% |    24     3 |  132  172
2026-04-16 |       +290       +451 |       +161   +55.8% |    31    37 |  111  149
2026-04-17 |       +356       +124 |       -232   -65.1% |    42    55 |  183  262
2026-04-20 |       +265       -180 |       -445  -167.9% |    22    17 |  116  154
2026-04-22 |       -197       +743 |       +939  -477.7% |    20    55 |  161  252
2026-04-23 |       -254       +252 |       +506  -199.4% |    11    49 |  164  220
2026-04-24 |       -375        +98 |       +473  -126.0% |     1    30 |  120  123
2026-04-27 |       +302       +390 |        +88   +29.3% |    28    35 |  131  154
2026-04-28 |       -124       -110 |        +14   -11.4% |    20    21 |  116  169

=== RESUMO ===
Dias comparados:        79
Total Real:            R$   -8,789.49
Total Sintetico:       R$   +3,968.14
Delta total:           R$  +12,757.63
Delta % do real:       +145.1%
Delta por dia (medio): R$   +161.49
Delta por dia (std):   R$    400.85
Trades Real:           1559
Trades Sintetico:      3095
Dias syn > real: 51 | syn < real: 25 | iguais: 3

Saved: D:\_Projetos\EA-Trading\10_PROJETOS_EA\Renko_Gradiente\reports\compare_real_vs_syn_2026.json
