Total dias: 1263
Grid total: 96 configs
[  1/96] G  65 SL0.25% DS   50 | PnL R$    53,274 DD R$  11,176 R/DD 4.77 PF 1.21 CV 1.09 NegYrs 1
[  2/96] G  65 SL0.25% DS   75 | PnL R$    54,300 DD R$  11,467 R/DD 4.74 PF 1.21 CV 1.11 NegYrs 1
[  3/96] G  65 SL0.25% DS  100 | PnL R$    54,292 DD R$  11,781 R/DD 4.61 PF 1.20 CV 1.13 NegYrs 1
[  4/96] G  65 SL0.25% DS  125 | PnL R$    55,272 DD R$  12,160 R/DD 4.55 PF 1.20 CV 1.13 NegYrs 1
[  5/96] G  65 SL0.30% DS   50 | PnL R$    61,288 DD R$  11,839 R/DD 5.18 PF 1.23 CV 1.10 NegYrs 1
[  6/96] G  65 SL0.30% DS   75 | PnL R$    61,452 DD R$  11,887 R/DD 5.17 PF 1.23 CV 1.10 NegYrs 1
[  7/96] G  65 SL0.30% DS  100 | PnL R$    61,679 DD R$  12,179 R/DD 5.06 PF 1.23 CV 1.12 NegYrs 1
[  8/96] G  65 SL0.30% DS  125 | PnL R$    61,492 DD R$  12,524 R/DD 4.91 PF 1.22 CV 1.12 NegYrs 1
[  9/96] G  65 SL0.35% DS   50 | PnL R$    59,863 DD R$  12,546 R/DD 4.77 PF 1.22 CV 1.13 NegYrs 1
[ 10/96] G  65 SL0.35% DS   75 | PnL R$    59,988 DD R$  12,546 R/DD 4.78 PF 1.22 CV 1.13 NegYrs 1
[ 11/96] G  65 SL0.35% DS  100 | PnL R$    58,665 DD R$  13,213 R/DD 4.44 PF 1.21 CV 1.18 NegYrs 1
[ 12/96] G  65 SL0.35% DS  125 | PnL R$    58,321 DD R$  12,943 R/DD 4.51 PF 1.21 CV 1.18 NegYrs 1
[ 13/96] G  65 SL0.40% DS   50 | PnL R$    60,725 DD R$  14,791 R/DD 4.11 PF 1.22 CV 1.18 NegYrs 1
[ 14/96] G  65 SL0.40% DS   75 | PnL R$    61,052 DD R$  14,791 R/DD 4.13 PF 1.22 CV 1.18 NegYrs 1
[ 15/96] G  65 SL0.40% DS  100 | PnL R$    63,530 DD R$  14,700 R/DD 4.32 PF 1.22 CV 1.18 NegYrs 1
[ 16/96] G  65 SL0.40% DS  125 | PnL R$    64,646 DD R$  14,700 R/DD 4.40 PF 1.23 CV 1.18 NegYrs 1
[ 17/96] G  70 SL0.25% DS   50 | PnL R$    64,913 DD R$  10,303 R/DD 6.30 PF 1.23 CV 1.02 NegYrs 1
[ 18/96] G  70 SL0.25% DS   75 | PnL R$    63,470 DD R$  10,550 R/DD 6.02 PF 1.22 CV 1.04 NegYrs 1
[ 19/96] G  70 SL0.25% DS  100 | PnL R$    63,205 DD R$  10,289 R/DD 6.14 PF 1.21 CV 1.05 NegYrs 1
[ 20/96] G  70 SL0.25% DS  125 | PnL R$    63,488 DD R$  11,070 R/DD 5.74 PF 1.20 CV 1.09 NegYrs 1
[ 21/96] G  70 SL0.30% DS   50 | PnL R$    67,747 DD R$  11,171 R/DD 6.06 PF 1.23 CV 1.02 NegYrs 1
[ 22/96] G  70 SL0.30% DS   75 | PnL R$    69,869 DD R$  11,118 R/DD 6.28 PF 1.23 CV 1.01 NegYrs 1
[ 23/96] G  70 SL0.30% DS  100 | PnL R$    71,510 DD R$  11,588 R/DD 6.17 PF 1.23 CV 1.03 NegYrs 1
[ 24/96] G  70 SL0.30% DS  125 | PnL R$    71,607 DD R$  11,566 R/DD 6.19 PF 1.23 CV 1.04 NegYrs 1
[ 25/96] G  70 SL0.35% DS   50 | PnL R$    64,386 DD R$  12,333 R/DD 5.22 PF 1.21 CV 1.08 NegYrs 1
[ 26/96] G  70 SL0.35% DS   75 | PnL R$    65,867 DD R$  11,995 R/DD 5.49 PF 1.21 CV 1.07 NegYrs 1
[ 27/96] G  70 SL0.35% DS  100 | PnL R$    64,440 DD R$  12,713 R/DD 5.07 PF 1.20 CV 1.12 NegYrs 1
[ 28/96] G  70 SL0.35% DS  125 | PnL R$    64,412 DD R$  12,176 R/DD 5.29 PF 1.20 CV 1.09 NegYrs 1
[ 29/96] G  70 SL0.40% DS   50 | PnL R$    70,373 DD R$  14,216 R/DD 4.95 PF 1.23 CV 1.15 NegYrs 1
[ 30/96] G  70 SL0.40% DS   75 | PnL R$    70,762 DD R$  14,216 R/DD 4.98 PF 1.22 CV 1.15 NegYrs 1
[ 31/96] G  70 SL0.40% DS  100 | PnL R$    70,086 DD R$  14,615 R/DD 4.80 PF 1.22 CV 1.18 NegYrs 1
[ 32/96] G  70 SL0.40% DS  125 | PnL R$    71,479 DD R$  14,971 R/DD 4.77 PF 1.22 CV 1.17 NegYrs 1
[ 33/96] G  72 SL0.25% DS   50 | PnL R$    81,001 DD R$   9,673 R/DD 8.37 PF 1.28 CV 0.90 NegYrs 1
[ 34/96] G  72 SL0.25% DS   75 | PnL R$    80,702 DD R$   9,797 R/DD 8.24 PF 1.27 CV 0.92 NegYrs 1
[ 35/96] G  72 SL0.25% DS  100 | PnL R$    82,663 DD R$   9,699 R/DD 8.52 PF 1.27 CV 0.92 NegYrs 1
[ 36/96] G  72 SL0.25% DS  125 | PnL R$    83,369 DD R$  10,084 R/DD 8.27 PF 1.26 CV 0.93 NegYrs 1
[ 37/96] G  72 SL0.30% DS   50 | PnL R$    87,826 DD R$  10,343 R/DD 8.49 PF 1.29 CV 0.89 NegYrs 1
[ 38/96] G  72 SL0.30% DS   75 | PnL R$    89,514 DD R$  10,106 R/DD 8.86 PF 1.29 CV 0.89 NegYrs 1
[ 39/96] G  72 SL0.30% DS  100 | PnL R$    91,316 DD R$  10,501 R/DD 8.70 PF 1.29 CV 0.91 NegYrs 1
[ 40/96] G  72 SL0.30% DS  125 | PnL R$    90,306 DD R$  10,681 R/DD 8.45 PF 1.28 CV 0.93 NegYrs 1
[ 41/96] G  72 SL0.35% DS   50 | PnL R$    84,265 DD R$  10,919 R/DD 7.72 PF 1.27 CV 0.92 NegYrs 1
[ 42/96] G  72 SL0.35% DS   75 | PnL R$    83,769 DD R$  11,631 R/DD 7.20 PF 1.27 CV 0.95 NegYrs 1
[ 43/96] G  72 SL0.35% DS  100 | PnL R$    84,195 DD R$  11,035 R/DD 7.63 PF 1.26 CV 0.93 NegYrs 1
[ 44/96] G  72 SL0.35% DS  125 | PnL R$    86,133 DD R$  11,197 R/DD 7.69 PF 1.26 CV 0.93 NegYrs 1
[ 45/96] G  72 SL0.40% DS   50 | PnL R$    90,485 DD R$  13,138 R/DD 6.89 PF 1.29 CV 0.98 NegYrs 1
[ 46/96] G  72 SL0.40% DS   75 | PnL R$    90,537 DD R$  13,533 R/DD 6.69 PF 1.28 CV 1.01 NegYrs 1
[ 47/96] G  72 SL0.40% DS  100 | PnL R$    90,988 DD R$  13,849 R/DD 6.57 PF 1.28 CV 1.00 NegYrs 1
[ 48/96] G  72 SL0.40% DS  125 | PnL R$    91,293 DD R$  14,517 R/DD 6.29 PF 1.28 CV 1.02 NegYrs 1
[ 49/96] G  75 SL0.25% DS   50 | PnL R$    68,861 DD R$   9,309 R/DD 7.40 PF 1.22 CV 0.97 NegYrs 1
[ 50/96] G  75 SL0.25% DS   75 | PnL R$    70,021 DD R$   9,532 R/DD 7.35 PF 1.21 CV 0.97 NegYrs 1
[ 51/96] G  75 SL0.25% DS  100 | PnL R$    71,193 DD R$  10,224 R/DD 6.96 PF 1.21 CV 1.02 NegYrs 1
[ 52/96] G  75 SL0.25% DS  125 | PnL R$    70,161 DD R$  10,138 R/DD 6.92 PF 1.20 CV 1.02 NegYrs 1
[ 53/96] G  75 SL0.30% DS   50 | PnL R$    79,553 DD R$   9,515 R/DD 8.36 PF 1.25 CV 0.93 NegYrs 1
[ 54/96] G  75 SL0.30% DS   75 | PnL R$    79,417 DD R$   9,512 R/DD 8.35 PF 1.24 CV 0.94 NegYrs 1
[ 55/96] G  75 SL0.30% DS  100 | PnL R$    78,275 DD R$   9,534 R/DD 8.21 PF 1.23 CV 0.97 NegYrs 1
[ 56/96] G  75 SL0.30% DS  125 | PnL R$    80,165 DD R$   9,533 R/DD 8.41 PF 1.23 CV 0.97 NegYrs 1
[ 57/96] G  75 SL0.35% DS   50 | PnL R$    77,800 DD R$  11,735 R/DD 6.63 PF 1.23 CV 0.98 NegYrs 1
[ 58/96] G  75 SL0.35% DS   75 | PnL R$    78,243 DD R$  11,187 R/DD 6.99 PF 1.23 CV 0.96 NegYrs 1
[ 59/96] G  75 SL0.35% DS  100 | PnL R$    79,105 DD R$  11,232 R/DD 7.04 PF 1.23 CV 0.97 NegYrs 1
[ 60/96] G  75 SL0.35% DS  125 | PnL R$    79,300 DD R$  11,542 R/DD 6.87 PF 1.22 CV 0.98 NegYrs 1
[ 61/96] G  75 SL0.40% DS   50 | PnL R$    84,452 DD R$  13,240 R/DD 6.38 PF 1.25 CV 1.03 NegYrs 1
[ 62/96] G  75 SL0.40% DS   75 | PnL R$    83,869 DD R$  13,908 R/DD 6.03 PF 1.24 CV 1.04 NegYrs 1
[ 63/96] G  75 SL0.40% DS  100 | PnL R$    83,965 DD R$  14,364 R/DD 5.85 PF 1.24 CV 1.06 NegYrs 1
[ 64/96] G  75 SL0.40% DS  125 | PnL R$    82,048 DD R$  14,393 R/DD 5.70 PF 1.23 CV 1.07 NegYrs 1
[ 65/96] G  80 SL0.25% DS   50 | PnL R$    74,493 DD R$   8,640 R/DD 8.62 PF 1.22 CV 0.87 NegYrs 1
[ 66/96] G  80 SL0.25% DS   75 | PnL R$    74,075 DD R$   9,420 R/DD 7.86 PF 1.21 CV 0.92 NegYrs 1
[ 67/96] G  80 SL0.25% DS  100 | PnL R$    72,771 DD R$   9,744 R/DD 7.47 PF 1.20 CV 0.93 NegYrs 1
[ 68/96] G  80 SL0.25% DS  125 | PnL R$    72,977 DD R$   9,875 R/DD 7.39 PF 1.20 CV 0.94 NegYrs 1
[ 69/96] G  80 SL0.30% DS   50 | PnL R$    79,384 DD R$   9,447 R/DD 8.40 PF 1.22 CV 0.87 NegYrs 1
[ 70/96] G  80 SL0.30% DS   75 | PnL R$    77,818 DD R$   9,813 R/DD 7.93 PF 1.21 CV 0.87 NegYrs 1
[ 71/96] G  80 SL0.30% DS  100 | PnL R$    78,731 DD R$  10,095 R/DD 7.80 PF 1.21 CV 0.89 NegYrs 1
[ 72/96] G  80 SL0.30% DS  125 | PnL R$    79,802 DD R$   9,943 R/DD 8.03 PF 1.21 CV 0.91 NegYrs 1
[ 73/96] G  80 SL0.35% DS   50 | PnL R$    81,648 DD R$  10,194 R/DD 8.01 PF 1.22 CV 0.88 NegYrs 1
[ 74/96] G  80 SL0.35% DS   75 | PnL R$    82,420 DD R$  11,048 R/DD 7.46 PF 1.22 CV 0.89 NegYrs 1
[ 75/96] G  80 SL0.35% DS  100 | PnL R$    82,911 DD R$  11,778 R/DD 7.04 PF 1.22 CV 0.90 NegYrs 1
[ 76/96] G  80 SL0.35% DS  125 | PnL R$    79,960 DD R$  12,515 R/DD 6.39 PF 1.20 CV 0.93 NegYrs 1
[ 77/96] G  80 SL0.40% DS   50 | PnL R$    89,248 DD R$  13,036 R/DD 6.85 PF 1.24 CV 0.98 NegYrs 1
[ 78/96] G  80 SL0.40% DS   75 | PnL R$    88,514 DD R$  13,036 R/DD 6.79 PF 1.23 CV 0.99 NegYrs 1
[ 79/96] G  80 SL0.40% DS  100 | PnL R$    89,333 DD R$  12,151 R/DD 7.35 PF 1.23 CV 0.96 NegYrs 1
[ 80/96] G  80 SL0.40% DS  125 | PnL R$    88,155 DD R$  12,741 R/DD 6.92 PF 1.22 CV 0.98 NegYrs 1
[ 81/96] G  85 SL0.25% DS   50 | PnL R$    67,488 DD R$   7,073 R/DD 9.54 PF 1.19 CV 0.88 NegYrs 1
[ 82/96] G  85 SL0.25% DS   75 | PnL R$    65,392 DD R$   7,675 R/DD 8.52 PF 1.18 CV 0.93 NegYrs 1
[ 83/96] G  85 SL0.25% DS  100 | PnL R$    65,865 DD R$   7,814 R/DD 8.43 PF 1.17 CV 0.94 NegYrs 1
[ 84/96] G  85 SL0.25% DS  125 | PnL R$    69,996 DD R$   8,429 R/DD 8.30 PF 1.17 CV 0.95 NegYrs 1
[ 85/96] G  85 SL0.30% DS   50 | PnL R$    74,560 DD R$   9,705 R/DD 7.68 PF 1.19 CV 0.86 NegYrs 1
[ 86/96] G  85 SL0.30% DS   75 | PnL R$    74,008 DD R$   9,953 R/DD 7.44 PF 1.19 CV 0.89 NegYrs 1
[ 87/96] G  85 SL0.30% DS  100 | PnL R$    77,741 DD R$   8,857 R/DD 8.78 PF 1.19 CV 0.87 NegYrs 1
[ 88/96] G  85 SL0.30% DS  125 | PnL R$    76,725 DD R$   8,988 R/DD 8.54 PF 1.19 CV 0.88 NegYrs 1
[ 89/96] G  85 SL0.35% DS   50 | PnL R$    82,786 DD R$  10,004 R/DD 8.28 PF 1.21 CV 0.82 NegYrs 1
[ 90/96] G  85 SL0.35% DS   75 | PnL R$    82,782 DD R$  10,642 R/DD 7.78 PF 1.20 CV 0.85 NegYrs 1
[ 91/96] G  85 SL0.35% DS  100 | PnL R$    81,485 DD R$  11,020 R/DD 7.39 PF 1.20 CV 0.86 NegYrs 1
[ 92/96] G  85 SL0.35% DS  125 | PnL R$    80,567 DD R$  11,918 R/DD 6.76 PF 1.19 CV 0.89 NegYrs 1
[ 93/96] G  85 SL0.40% DS   50 | PnL R$    83,350 DD R$  10,704 R/DD 7.79 PF 1.21 CV 0.92 NegYrs 1
[ 94/96] G  85 SL0.40% DS   75 | PnL R$    83,940 DD R$  10,512 R/DD 7.98 PF 1.20 CV 0.91 NegYrs 1
[ 95/96] G  85 SL0.40% DS  100 | PnL R$    83,139 DD R$  11,539 R/DD 7.21 PF 1.20 CV 0.93 NegYrs 1
[ 96/96] G  85 SL0.40% DS  125 | PnL R$    84,457 DD R$  12,135 R/DD 6.96 PF 1.20 CV 0.94 NegYrs 1

=== TOP 10 POR PnL ===
  G  72 SL0.30% DS  100 | PnL R$    91,316 DD R$  10,501 R/DD 8.70 CV 0.91
  G  72 SL0.40% DS  125 | PnL R$    91,293 DD R$  14,517 R/DD 6.29 CV 1.02
  G  72 SL0.40% DS  100 | PnL R$    90,988 DD R$  13,849 R/DD 6.57 CV 1.00
  G  72 SL0.40% DS   75 | PnL R$    90,537 DD R$  13,533 R/DD 6.69 CV 1.01
  G  72 SL0.40% DS   50 | PnL R$    90,485 DD R$  13,138 R/DD 6.89 CV 0.98
  G  72 SL0.30% DS  125 | PnL R$    90,306 DD R$  10,681 R/DD 8.45 CV 0.93
  G  72 SL0.30% DS   75 | PnL R$    89,514 DD R$  10,106 R/DD 8.86 CV 0.89
  G  80 SL0.40% DS  100 | PnL R$    89,333 DD R$  12,151 R/DD 7.35 CV 0.96
  G  80 SL0.40% DS   50 | PnL R$    89,248 DD R$  13,036 R/DD 6.85 CV 0.98
  G  80 SL0.40% DS   75 | PnL R$    88,514 DD R$  13,036 R/DD 6.79 CV 0.99

=== TOP 10 POR R/DD ===
  G  85 SL0.25% DS   50 | PnL R$    67,488 DD R$   7,073 R/DD 9.54 CV 0.88
  G  72 SL0.30% DS   75 | PnL R$    89,514 DD R$  10,106 R/DD 8.86 CV 0.89
  G  85 SL0.30% DS  100 | PnL R$    77,741 DD R$   8,857 R/DD 8.78 CV 0.87
  G  72 SL0.30% DS  100 | PnL R$    91,316 DD R$  10,501 R/DD 8.70 CV 0.91
  G  80 SL0.25% DS   50 | PnL R$    74,493 DD R$   8,640 R/DD 8.62 CV 0.87
  G  85 SL0.30% DS  125 | PnL R$    76,725 DD R$   8,988 R/DD 8.54 CV 0.88
  G  72 SL0.25% DS  100 | PnL R$    82,663 DD R$   9,699 R/DD 8.52 CV 0.92
  G  85 SL0.25% DS   75 | PnL R$    65,392 DD R$   7,675 R/DD 8.52 CV 0.93
  G  72 SL0.30% DS   50 | PnL R$    87,826 DD R$  10,343 R/DD 8.49 CV 0.89
  G  72 SL0.30% DS  125 | PnL R$    90,306 DD R$  10,681 R/DD 8.45 CV 0.93

Saved: D:\_Projetos\EA-Trading\10_PROJETOS_EA\Renko_Gradiente\reports\optimize_around_g72.json
