Total dias: 1263 (2021-04-30 .. 2026-05-22)
Grid: 27 configs
Janelas walk-forward: 8

--- Window 1/8 TRAIN 2021-04-30..2022-04-30 (249d) -> TEST 2022-05-01..2022-10-28 (127d) ---
  BEST IS: gain=72.0 SLpct=0.003 DS=75.0 | PnL R$28,839.75 DD R$2,403.31
  OOS:     PnL R$14,034.45 DD R$1,194.80 PF 1.33

--- Window 2/8 TRAIN 2021-10-27..2022-10-27 (251d) -> TEST 2022-10-28..2023-04-26 (122d) ---
  BEST IS: gain=72.0 SLpct=0.003 DS=150.0 | PnL R$35,390.79 DD R$2,461.02
  OOS:     PnL R$16,099.24 DD R$2,372.01 PF 1.31

--- Window 3/8 TRAIN 2022-04-25..2023-04-25 (252d) -> TEST 2023-04-26..2023-10-23 (125d) ---
  BEST IS: gain=72.0 SLpct=0.0025 DS=150.0 | PnL R$32,723.84 DD R$2,169.05
  OOS:     PnL R$15,922.54 DD R$1,483.38 PF 1.56

--- Window 4/8 TRAIN 2022-10-22..2023-10-22 (249d) -> TEST 2023-10-23..2024-04-20 (122d) ---
  BEST IS: gain=72.0 SLpct=0.0035 DS=150.0 | PnL R$36,082.59 DD R$2,148.44
  OOS:     PnL R$4,126.18 DD R$2,520.15 PF 1.24

--- Window 5/8 TRAIN 2023-04-20..2024-04-19 (249d) -> TEST 2024-04-20..2024-10-17 (127d) ---
  BEST IS: gain=72.0 SLpct=0.003 DS=150.0 | PnL R$22,886.81 DD R$2,176.76
  OOS:     PnL R$4,827.43 DD R$872.95 PF 1.42

--- Window 6/8 TRAIN 2023-10-17..2024-10-16 (252d) -> TEST 2024-10-17..2025-04-15 (121d) ---
  BEST IS: gain=72.0 SLpct=0.003 DS=75.0 | PnL R$10,470.11 DD R$2,013.14
  OOS:     PnL R$1,732.61 DD R$1,386.74 PF 1.08

--- Window 7/8 TRAIN 2024-04-14..2025-04-14 (251d) -> TEST 2025-04-15..2025-10-12 (125d) ---
  BEST IS: gain=72.0 SLpct=0.0035 DS=75.0 | PnL R$10,087.92 DD R$1,172.01
  OOS:     PnL R$10,323.08 DD R$631.41 PF 1.56

--- Window 8/8 TRAIN 2024-10-11..2025-10-11 (249d) -> TEST 2025-10-12..2026-04-10 (122d) ---
  BEST IS: gain=80.0 SLpct=0.0035 DS=100.0 | PnL R$17,905.58 DD R$1,588.07
  OOS:     PnL R$-11,066.89 DD R$11,778.34 PF 0.72

=== RESUMO WALK-FORWARD ===
Total IS PnL:  R$194,387.39
Total OOS PnL: R$55,998.62
Degradacao:    71.2%
Max OOS DD:    R$11,778.34
Saved: D:\_Projetos\EA-Trading\10_PROJETOS_EA\Renko_Gradiente\reports\walk_forward_win_g72.json
